[01-Mar-2026 16:40:26 Europe/Berlin] PHP Warning:  require_once(C:\xampp\htdocs\immo\client/../includes/header.php): Failed to open stream: No such file or directory in C:\xampp\htdocs\immo\client\login.php on line 43
[01-Mar-2026 16:40:26 Europe/Berlin] PHP Fatal error:  Uncaught Error: Failed opening required 'C:\xampp\htdocs\immo\client/../includes/header.php' (include_path='C:\xampp\php\PEAR') in C:\xampp\htdocs\immo\client\login.php:43
Stack trace:
#0 {main}
  thrown in C:\xampp\htdocs\immo\client\login.php on line 43
[01-Mar-2026 16:43:12 Europe/Berlin] PHP Warning:  require_once(C:\xampp\htdocs\immo\client/../includes/footer.php): Failed to open stream: No such file or directory in C:\xampp\htdocs\immo\client\login.php on line 105
[01-Mar-2026 16:43:12 Europe/Berlin] PHP Fatal error:  Uncaught Error: Failed opening required 'C:\xampp\htdocs\immo\client/../includes/footer.php' (include_path='C:\xampp\php\PEAR') in C:\xampp\htdocs\immo\client\login.php:105
Stack trace:
#0 {main}
  thrown in C:\xampp\htdocs\immo\client\login.php on line 105
[01-Mar-2026 16:44:16 Europe/Berlin] PHP Warning:  require_once(C:\xampp\htdocs\immo\client/../includes/footer.php): Failed to open stream: No such file or directory in C:\xampp\htdocs\immo\client\login.php on line 105
[01-Mar-2026 16:44:16 Europe/Berlin] PHP Fatal error:  Uncaught Error: Failed opening required 'C:\xampp\htdocs\immo\client/../includes/footer.php' (include_path='C:\xampp\php\PEAR') in C:\xampp\htdocs\immo\client\login.php:105
Stack trace:
#0 {main}
  thrown in C:\xampp\htdocs\immo\client\login.php on line 105
[01-Mar-2026 16:52:24 Europe/Berlin] PHP Warning:  require_once(C:\xampp\htdocs\immo\client/../includes/footer.php): Failed to open stream: No such file or directory in C:\xampp\htdocs\immo\client\login.php on line 105
[01-Mar-2026 16:52:24 Europe/Berlin] PHP Fatal error:  Uncaught Error: Failed opening required 'C:\xampp\htdocs\immo\client/../includes/footer.php' (include_path='C:\xampp\php\PEAR') in C:\xampp\htdocs\immo\client\login.php:105
Stack trace:
#0 {main}
  thrown in C:\xampp\htdocs\immo\client\login.php on line 105
[01-Mar-2026 16:55:17 Europe/Berlin] PHP Warning:  require_once(C:\xampp\htdocs\immo\client/../includes/footer.php): Failed to open stream: No such file or directory in C:\xampp\htdocs\immo\client\login.php on line 105
[01-Mar-2026 16:55:17 Europe/Berlin] PHP Fatal error:  Uncaught Error: Failed opening required 'C:\xampp\htdocs\immo\client/../includes/footer.php' (include_path='C:\xampp\php\PEAR') in C:\xampp\htdocs\immo\client\login.php:105
Stack trace:
#0 {main}
  thrown in C:\xampp\htdocs\immo\client\login.php on line 105
[01-Mar-2026 17:04:28 Europe/Berlin] PHP Warning:  require_once(C:\xampp\htdocs\immo\admin/../includes/footer.php): Failed to open stream: No such file or directory in C:\xampp\htdocs\immo\admin\dashboard.php on line 200
[01-Mar-2026 17:04:28 Europe/Berlin] PHP Fatal error:  Uncaught Error: Failed opening required 'C:\xampp\htdocs\immo\admin/../includes/footer.php' (include_path='C:\xampp\php\PEAR') in C:\xampp\htdocs\immo\admin\dashboard.php:200
Stack trace:
#0 {main}
  thrown in C:\xampp\htdocs\immo\admin\dashboard.php on line 200
[01-Mar-2026 19:04:22 Europe/Berlin] PHP Warning:  require_once(C:\xampp\htdocs\immo\admin/../includes/footer.php): Failed to open stream: No such file or directory in C:\xampp\htdocs\immo\admin\dashboard.php on line 200
[01-Mar-2026 19:04:22 Europe/Berlin] PHP Fatal error:  Uncaught Error: Failed opening required 'C:\xampp\htdocs\immo\admin/../includes/footer.php' (include_path='C:\xampp\php\PEAR') in C:\xampp\htdocs\immo\admin\dashboard.php:200
Stack trace:
#0 {main}
  thrown in C:\xampp\htdocs\immo\admin\dashboard.php on line 200
[01-Mar-2026 19:11:27 Europe/Berlin] PHP Warning:  require_once(C:\xampp\htdocs\immo\admin/../includes/footer.php): Failed to open stream: No such file or directory in C:\xampp\htdocs\immo\admin\dashboard.php on line 200
[01-Mar-2026 19:11:27 Europe/Berlin] PHP Fatal error:  Uncaught Error: Failed opening required 'C:\xampp\htdocs\immo\admin/../includes/footer.php' (include_path='C:\xampp\php\PEAR') in C:\xampp\htdocs\immo\admin\dashboard.php:200
Stack trace:
#0 {main}
  thrown in C:\xampp\htdocs\immo\admin\dashboard.php on line 200
[01-Mar-2026 19:12:49 Europe/Berlin] PHP Warning:  require_once(C:\xampp\htdocs\immo\admin/../includes/footer.php): Failed to open stream: No such file or directory in C:\xampp\htdocs\immo\admin\dashboard.php on line 200
[01-Mar-2026 19:12:49 Europe/Berlin] PHP Fatal error:  Uncaught Error: Failed opening required 'C:\xampp\htdocs\immo\admin/../includes/footer.php' (include_path='C:\xampp\php\PEAR') in C:\xampp\htdocs\immo\admin\dashboard.php:200
Stack trace:
#0 {main}
  thrown in C:\xampp\htdocs\immo\admin\dashboard.php on line 200
[01-Mar-2026 19:12:59 Europe/Berlin] PHP Warning:  require_once(C:\xampp\htdocs\immo\client/../includes/footer.php): Failed to open stream: No such file or directory in C:\xampp\htdocs\immo\client\login.php on line 105
[01-Mar-2026 19:12:59 Europe/Berlin] PHP Fatal error:  Uncaught Error: Failed opening required 'C:\xampp\htdocs\immo\client/../includes/footer.php' (include_path='C:\xampp\php\PEAR') in C:\xampp\htdocs\immo\client\login.php:105
Stack trace:
#0 {main}
  thrown in C:\xampp\htdocs\immo\client\login.php on line 105
[01-Mar-2026 19:13:04 Europe/Berlin] PHP Warning:  require_once(C:\xampp\htdocs\immo\admin/../includes/footer.php): Failed to open stream: No such file or directory in C:\xampp\htdocs\immo\admin\dashboard.php on line 200
[01-Mar-2026 19:13:04 Europe/Berlin] PHP Fatal error:  Uncaught Error: Failed opening required 'C:\xampp\htdocs\immo\admin/../includes/footer.php' (include_path='C:\xampp\php\PEAR') in C:\xampp\htdocs\immo\admin\dashboard.php:200
Stack trace:
#0 {main}
  thrown in C:\xampp\htdocs\immo\admin\dashboard.php on line 200
[01-Mar-2026 19:13:35 Europe/Berlin] PHP Warning:  require_once(C:\xampp\htdocs\immo\client/../includes/footer.php): Failed to open stream: No such file or directory in C:\xampp\htdocs\immo\client\login.php on line 105
[01-Mar-2026 19:13:35 Europe/Berlin] PHP Fatal error:  Uncaught Error: Failed opening required 'C:\xampp\htdocs\immo\client/../includes/footer.php' (include_path='C:\xampp\php\PEAR') in C:\xampp\htdocs\immo\client\login.php:105
Stack trace:
#0 {main}
  thrown in C:\xampp\htdocs\immo\client\login.php on line 105
[01-Mar-2026 19:13:42 Europe/Berlin] PHP Warning:  require_once(C:\xampp\htdocs\immo\admin/../includes/footer.php): Failed to open stream: No such file or directory in C:\xampp\htdocs\immo\admin\dashboard.php on line 200
[01-Mar-2026 19:13:42 Europe/Berlin] PHP Fatal error:  Uncaught Error: Failed opening required 'C:\xampp\htdocs\immo\admin/../includes/footer.php' (include_path='C:\xampp\php\PEAR') in C:\xampp\htdocs\immo\admin\dashboard.php:200
Stack trace:
#0 {main}
  thrown in C:\xampp\htdocs\immo\admin\dashboard.php on line 200
[01-Mar-2026 19:23:31 Europe/Berlin] PHP Warning:  require_once(C:\xampp\htdocs\immo\client/../includes/footer.php): Failed to open stream: No such file or directory in C:\xampp\htdocs\immo\client\login.php on line 105
[01-Mar-2026 19:23:31 Europe/Berlin] PHP Fatal error:  Uncaught Error: Failed opening required 'C:\xampp\htdocs\immo\client/../includes/footer.php' (include_path='C:\xampp\php\PEAR') in C:\xampp\htdocs\immo\client\login.php:105
Stack trace:
#0 {main}
  thrown in C:\xampp\htdocs\immo\client\login.php on line 105
[01-Mar-2026 19:24:38 Europe/Berlin] PHP Warning:  require_once(C:\xampp\htdocs\immo\client/../includes/footer.php): Failed to open stream: No such file or directory in C:\xampp\htdocs\immo\client\login.php on line 105
[01-Mar-2026 19:24:38 Europe/Berlin] PHP Fatal error:  Uncaught Error: Failed opening required 'C:\xampp\htdocs\immo\client/../includes/footer.php' (include_path='C:\xampp\php\PEAR') in C:\xampp\htdocs\immo\client\login.php:105
Stack trace:
#0 {main}
  thrown in C:\xampp\htdocs\immo\client\login.php on line 105
[01-Mar-2026 19:26:40 Europe/Berlin] PHP Warning:  require_once(C:\xampp\htdocs\immo\client/../includes/footer.php): Failed to open stream: No such file or directory in C:\xampp\htdocs\immo\client\login.php on line 105
[01-Mar-2026 19:26:40 Europe/Berlin] PHP Fatal error:  Uncaught Error: Failed opening required 'C:\xampp\htdocs\immo\client/../includes/footer.php' (include_path='C:\xampp\php\PEAR') in C:\xampp\htdocs\immo\client\login.php:105
Stack trace:
#0 {main}
  thrown in C:\xampp\htdocs\immo\client\login.php on line 105
[01-Mar-2026 19:26:45 Europe/Berlin] PHP Warning:  require_once(C:\xampp\htdocs\immo\admin/../includes/footer.php): Failed to open stream: No such file or directory in C:\xampp\htdocs\immo\admin\dashboard.php on line 200
[01-Mar-2026 19:26:45 Europe/Berlin] PHP Fatal error:  Uncaught Error: Failed opening required 'C:\xampp\htdocs\immo\admin/../includes/footer.php' (include_path='C:\xampp\php\PEAR') in C:\xampp\htdocs\immo\admin\dashboard.php:200
Stack trace:
#0 {main}
  thrown in C:\xampp\htdocs\immo\admin\dashboard.php on line 200
[01-Mar-2026 19:28:38 Europe/Berlin] PHP Warning:  require_once(C:\xampp\htdocs\immo\client/../includes/footer.php): Failed to open stream: No such file or directory in C:\xampp\htdocs\immo\client\login.php on line 105
[01-Mar-2026 19:28:38 Europe/Berlin] PHP Fatal error:  Uncaught Error: Failed opening required 'C:\xampp\htdocs\immo\client/../includes/footer.php' (include_path='C:\xampp\php\PEAR') in C:\xampp\htdocs\immo\client\login.php:105
Stack trace:
#0 {main}
  thrown in C:\xampp\htdocs\immo\client\login.php on line 105
[01-Mar-2026 19:31:28 Europe/Berlin] PHP Warning:  require_once(C:\xampp\htdocs\immo\admin/../includes/footer.php): Failed to open stream: No such file or directory in C:\xampp\htdocs\immo\admin\dashboard.php on line 200
[01-Mar-2026 19:31:28 Europe/Berlin] PHP Fatal error:  Uncaught Error: Failed opening required 'C:\xampp\htdocs\immo\admin/../includes/footer.php' (include_path='C:\xampp\php\PEAR') in C:\xampp\htdocs\immo\admin\dashboard.php:200
Stack trace:
#0 {main}
  thrown in C:\xampp\htdocs\immo\admin\dashboard.php on line 200
[01-Mar-2026 19:32:06 Europe/Berlin] PHP Warning:  require_once(C:\xampp\htdocs\immo\admin/../includes/footer.php): Failed to open stream: No such file or directory in C:\xampp\htdocs\immo\admin\dashboard.php on line 200
[01-Mar-2026 19:32:06 Europe/Berlin] PHP Fatal error:  Uncaught Error: Failed opening required 'C:\xampp\htdocs\immo\admin/../includes/footer.php' (include_path='C:\xampp\php\PEAR') in C:\xampp\htdocs\immo\admin\dashboard.php:200
Stack trace:
#0 {main}
  thrown in C:\xampp\htdocs\immo\admin\dashboard.php on line 200
[01-Mar-2026 19:33:43 Europe/Berlin] PHP Warning:  require_once(C:\xampp\htdocs\immo\admin/../includes/footer.php): Failed to open stream: No such file or directory in C:\xampp\htdocs\immo\admin\dashboard.php on line 200
[01-Mar-2026 19:33:43 Europe/Berlin] PHP Fatal error:  Uncaught Error: Failed opening required 'C:\xampp\htdocs\immo\admin/../includes/footer.php' (include_path='C:\xampp\php\PEAR') in C:\xampp\htdocs\immo\admin\dashboard.php:200
Stack trace:
#0 {main}
  thrown in C:\xampp\htdocs\immo\admin\dashboard.php on line 200
[01-Mar-2026 19:34:56 Europe/Berlin] PHP Warning:  require_once(C:\xampp\htdocs\immo\admin//../includes/footer.php): Failed to open stream: No such file or directory in C:\xampp\htdocs\immo\admin\dashboard.php on line 200
[01-Mar-2026 19:34:56 Europe/Berlin] PHP Fatal error:  Uncaught Error: Failed opening required 'C:\xampp\htdocs\immo\admin//../includes/footer.php' (include_path='C:\xampp\php\PEAR') in C:\xampp\htdocs\immo\admin\dashboard.php:200
Stack trace:
#0 {main}
  thrown in C:\xampp\htdocs\immo\admin\dashboard.php on line 200
[03-Mar-2026 18:25:37 Europe/Berlin] PHP Warning:  require_once(C:\xampp\htdocs\immo\client/../includes/footer.php): Failed to open stream: No such file or directory in C:\xampp\htdocs\immo\client\login.php on line 105
[03-Mar-2026 18:25:37 Europe/Berlin] PHP Fatal error:  Uncaught Error: Failed opening required 'C:\xampp\htdocs\immo\client/../includes/footer.php' (include_path='C:\xampp\php\PEAR') in C:\xampp\htdocs\immo\client\login.php:105
Stack trace:
#0 {main}
  thrown in C:\xampp\htdocs\immo\client\login.php on line 105
[05-Mar-2026 21:33:19 Europe/Berlin] PHP Warning:  require_once(C:\xampp\htdocs\immo\client/../includes/footer.php): Failed to open stream: No such file or directory in C:\xampp\htdocs\immo\client\login.php on line 105
[05-Mar-2026 21:33:19 Europe/Berlin] PHP Fatal error:  Uncaught Error: Failed opening required 'C:\xampp\htdocs\immo\client/../includes/footer.php' (include_path='C:\xampp\php\PEAR') in C:\xampp\htdocs\immo\client\login.php:105
Stack trace:
#0 {main}
  thrown in C:\xampp\htdocs\immo\client\login.php on line 105
[05-Mar-2026 22:58:15 Europe/Berlin] PHP Warning:  require_once(C:\xampp\htdocs\immo\client/../includes/footer.php): Failed to open stream: No such file or directory in C:\xampp\htdocs\immo\client\login.php on line 105
[05-Mar-2026 22:58:15 Europe/Berlin] PHP Fatal error:  Uncaught Error: Failed opening required 'C:\xampp\htdocs\immo\client/../includes/footer.php' (include_path='C:\xampp\php\PEAR') in C:\xampp\htdocs\immo\client\login.php:105
Stack trace:
#0 {main}
  thrown in C:\xampp\htdocs\immo\client\login.php on line 105
[05-Mar-2026 23:00:08 Europe/Berlin] PHP Warning:  require_once(C:\xampp\htdocs\immo\client/../includes/footer.php): Failed to open stream: No such file or directory in C:\xampp\htdocs\immo\client\login.php on line 105
[05-Mar-2026 23:00:08 Europe/Berlin] PHP Fatal error:  Uncaught Error: Failed opening required 'C:\xampp\htdocs\immo\client/../includes/footer.php' (include_path='C:\xampp\php\PEAR') in C:\xampp\htdocs\immo\client\login.php:105
Stack trace:
#0 {main}
  thrown in C:\xampp\htdocs\immo\client\login.php on line 105
